<?xml version="1.0" encoding="UTF-8"?>
<coverage generated="1653750625441" clover="3.2.0">
  <project timestamp="1653750625441" name="All files">
    <metrics statements="126" coveredstatements="124" conditionals="71" coveredconditionals="57" methods="50" coveredmethods="48" elements="247" coveredelements="229" complexity="0" loc="126" ncloc="126" packages="1" files="4" classes="4"/>
    <file name="pageination.vue" path="C:\Users\Administrator\Desktop\table\fyjh\毛远雄\src\components\table\pageination.vue">
      <metrics statements="16" coveredstatements="16" conditionals="4" coveredconditionals="4" methods="5" coveredmethods="5"/>
      <line num="21" count="1" type="stmt"/>
      <line num="23" count="1" type="stmt"/>
      <line num="39" count="1" type="stmt"/>
      <line num="41" count="1" type="stmt"/>
      <line num="46" count="1" type="stmt"/>
      <line num="47" count="1" type="stmt"/>
      <line num="50" count="1" type="stmt"/>
      <line num="51" count="1" type="cond" truecount="2" falsecount="0"/>
      <line num="52" count="1" type="stmt"/>
      <line num="55" count="1" type="stmt"/>
      <line num="56" count="1" type="cond" truecount="2" falsecount="0"/>
      <line num="57" count="1" type="stmt"/>
      <line num="60" count="1" type="stmt"/>
      <line num="61" count="1" type="stmt"/>
      <line num="62" count="1" type="stmt"/>
      <line num="64" count="1" type="stmt"/>
    </file>
    <file name="tableIndex.vue" path="C:\Users\Administrator\Desktop\table\fyjh\毛远雄\src\components\table\tableIndex.vue">
      <metrics statements="49" coveredstatements="49" conditionals="50" coveredconditionals="40" methods="19" coveredmethods="19"/>
      <line num="52" count="1" type="stmt"/>
      <line num="53" count="1" type="stmt"/>
      <line num="54" count="1" type="stmt"/>
      <line num="55" count="1" type="stmt"/>
      <line num="62" count="1" type="stmt"/>
      <line num="83" count="1" type="stmt"/>
      <line num="87" count="1" type="stmt"/>
      <line num="88" count="1" type="stmt"/>
      <line num="89" count="1" type="stmt"/>
      <line num="90" count="1" type="stmt"/>
      <line num="102" count="2" type="stmt"/>
      <line num="103" count="2" type="stmt"/>
      <line num="106" count="4" type="stmt"/>
      <line num="107" count="4" type="stmt"/>
      <line num="108" count="4" type="stmt"/>
      <line num="112" count="1" type="stmt"/>
      <line num="113" count="4" type="cond" truecount="11" falsecount="3"/>
      <line num="114" count="4" type="cond" truecount="8" falsecount="2"/>
      <line num="115" count="4" type="stmt"/>
      <line num="116" count="4" type="cond" truecount="2" falsecount="0"/>
      <line num="117" count="4" type="cond" truecount="4" falsecount="0"/>
      <line num="118" count="4" type="cond" truecount="2" falsecount="1"/>
      <line num="121" count="1" type="stmt"/>
      <line num="122" count="5" type="cond" truecount="1" falsecount="1"/>
      <line num="123" count="5" type="stmt"/>
      <line num="126" count="1" type="stmt"/>
      <line num="127" count="2" type="cond" truecount="2" falsecount="0"/>
      <line num="128" count="1" type="stmt"/>
      <line num="129" count="1" type="cond" truecount="1" falsecount="0"/>
      <line num="130" count="1" type="stmt"/>
      <line num="134" count="1" type="stmt"/>
      <line num="135" count="1" type="cond" truecount="1" falsecount="1"/>
      <line num="136" count="1" type="stmt"/>
      <line num="139" count="1" type="stmt"/>
      <line num="140" count="1" type="stmt"/>
      <line num="143" count="1" type="stmt"/>
      <line num="144" count="3" type="cond" truecount="1" falsecount="1"/>
      <line num="145" count="3" type="stmt"/>
      <line num="148" count="1" type="stmt"/>
      <line num="149" count="6" type="cond" truecount="2" falsecount="0"/>
      <line num="152" count="1" type="stmt"/>
      <line num="153" count="2" type="cond" truecount="1" falsecount="1"/>
      <line num="154" count="2" type="cond" truecount="2" falsecount="0"/>
      <line num="157" count="1" type="stmt"/>
      <line num="158" count="2" type="cond" truecount="2" falsecount="0"/>
      <line num="159" count="1" type="stmt"/>
      <line num="160" count="6" type="stmt"/>
      <line num="163" count="1" type="stmt"/>
      <line num="167" count="1" type="stmt"/>
    </file>
    <file name="tbodyIndex.vue" path="C:\Users\Administrator\Desktop\table\fyjh\毛远雄\src\components\table\tbodyIndex.vue">
      <metrics statements="26" coveredstatements="26" conditionals="4" coveredconditionals="4" methods="12" coveredmethods="12"/>
      <line num="39" count="1" type="stmt"/>
      <line num="45" count="1" type="stmt"/>
      <line num="51" count="2" type="stmt"/>
      <line num="56" count="1" type="stmt"/>
      <line num="70" count="1" type="stmt"/>
      <line num="74" count="2" type="stmt"/>
      <line num="75" count="2" type="stmt"/>
      <line num="80" count="4" type="stmt"/>
      <line num="81" count="4" type="stmt"/>
      <line num="84" count="2" type="stmt"/>
      <line num="86" count="3" type="stmt"/>
      <line num="89" count="1" type="stmt"/>
      <line num="90" count="1" type="stmt"/>
      <line num="91" count="1" type="stmt"/>
      <line num="95" count="2" type="stmt"/>
      <line num="97" count="2" type="stmt"/>
      <line num="100" count="1" type="stmt"/>
      <line num="101" count="1" type="stmt"/>
      <line num="105" count="2" type="stmt"/>
      <line num="106" count="1" type="stmt"/>
      <line num="109" count="2" type="stmt"/>
      <line num="110" count="244" type="stmt"/>
      <line num="111" count="244" type="cond" truecount="2" falsecount="0"/>
      <line num="112" count="244" type="cond" truecount="2" falsecount="0"/>
      <line num="113" count="244" type="stmt"/>
      <line num="116" count="2" type="stmt"/>
    </file>
    <file name="theadIndex.vue" path="C:\Users\Administrator\Desktop\table\fyjh\毛远雄\src\components\table\theadIndex.vue">
      <metrics statements="35" coveredstatements="33" conditionals="13" coveredconditionals="9" methods="14" coveredmethods="12"/>
      <line num="57" count="1" type="stmt"/>
      <line num="62" count="1" type="stmt"/>
      <line num="68" count="1" type="stmt"/>
      <line num="86" count="1" type="stmt"/>
      <line num="90" count="1" type="stmt"/>
      <line num="92" count="1" type="stmt"/>
      <line num="102" count="1" type="stmt"/>
      <line num="103" count="1" type="cond" truecount="3" falsecount="1"/>
      <line num="104" count="0" type="cond" truecount="0" falsecount="2"/>
      <line num="106" count="1" type="stmt"/>
      <line num="107" count="0" type="stmt"/>
      <line num="111" count="4" type="stmt"/>
      <line num="112" count="3" type="stmt"/>
      <line num="115" count="1" type="stmt"/>
      <line num="116" count="48" type="stmt"/>
      <line num="119" count="1" type="stmt"/>
      <line num="120" count="1" type="stmt"/>
      <line num="123" count="1" type="stmt"/>
      <line num="124" count="48" type="stmt"/>
      <line num="125" count="48" type="cond" truecount="2" falsecount="0"/>
      <line num="126" count="48" type="cond" truecount="2" falsecount="0"/>
      <line num="127" count="48" type="stmt"/>
      <line num="130" count="1" type="stmt"/>
      <line num="131" count="1" type="stmt"/>
      <line num="132" count="1" type="stmt"/>
      <line num="133" count="1" type="cond" truecount="2" falsecount="1"/>
      <line num="134" count="1" type="stmt"/>
      <line num="137" count="1" type="stmt"/>
      <line num="138" count="1" type="stmt"/>
      <line num="139" count="1" type="stmt"/>
      <line num="140" count="1" type="stmt"/>
      <line num="141" count="1" type="stmt"/>
      <line num="144" count="1" type="stmt"/>
      <line num="145" count="1" type="stmt"/>
      <line num="148" count="1" type="stmt"/>
    </file>
  </project>
</coverage>
