{"C:\\Users\\Administrator\\Desktop\\table\\fyjh\\毛远雄\\src\\components\\table\\pageination.vue": {"path":"C:\\Users\\Administrator\\Desktop\\table\\fyjh\\毛远雄\\src\\components\\table\\pageination.vue","statementMap":{"0":{"start":{"line":21,"column":0},"end":{"line":21,"column":null}},"1":{"start":{"line":23,"column":0},"end":{"line":23,"column":15}},"2":{"start":{"line":39,"column":22},"end":{"line":39,"column":23}},"3":{"start":{"line":41,"column":43},"end":{"line":41,"column":52}},"4":{"start":{"line":46,"column":24},"end":{"line":46,"column":33}},"5":{"start":{"line":47,"column":12},"end":{"line":47,"column":19}},"6":{"start":{"line":50,"column":25},"end":{"line":53,"column":null}},"7":{"start":{"line":51,"column":12},"end":{"line":51,"column":17}},"8":{"start":{"line":52,"column":12},"end":{"line":52,"column":16}},"9":{"start":{"line":55,"column":25},"end":{"line":58,"column":null}},"10":{"start":{"line":56,"column":12},"end":{"line":56,"column":17}},"11":{"start":{"line":57,"column":12},"end":{"line":57,"column":16}},"12":{"start":{"line":60,"column":24},"end":{"line":63,"column":null}},"13":{"start":{"line":61,"column":12},"end":{"line":61,"column":17}},"14":{"start":{"line":62,"column":12},"end":{"line":62,"column":16}},"15":{"start":{"line":64,"column":8},"end":{"line":64,"column":null}}},"fnMap":{"0":{"name":"(anonymous_2)","decl":{"start":{"line":39,"column":4},"end":{"line":39,"column":9}},"loc":{"start":{"line":39,"column":23},"end":{"line":71,"column":null}}},"1":{"name":"(anonymous_3)","decl":{"start":{"line":46,"column":33},"end":{"line":46,"column":null}},"loc":{"start":{"line":46,"column":33},"end":{"line":48,"column":null}}},"2":{"name":"(anonymous_4)","decl":{"start":{"line":50,"column":25},"end":{"line":50,"column":null}},"loc":{"start":{"line":50,"column":25},"end":{"line":53,"column":null}}},"3":{"name":"(anonymous_5)","decl":{"start":{"line":55,"column":25},"end":{"line":55,"column":null}},"loc":{"start":{"line":55,"column":25},"end":{"line":58,"column":null}}},"4":{"name":"(anonymous_6)","decl":{"start":{"line":60,"column":24},"end":{"line":60,"column":25}},"loc":{"start":{"line":60,"column":38},"end":{"line":63,"column":null}}}},"branchMap":{"0":{"loc":{"start":{"line":51,"column":12},"end":{"line":51,"column":41}},"type":"binary-expr","locations":[{"start":{"line":51,"column":12},"end":{"line":51,"column":36}},{"start":{"line":51,"column":36},"end":{"line":51,"column":41}}]},"1":{"loc":{"start":{"line":56,"column":12},"end":{"line":56,"column":53}},"type":"binary-expr","locations":[{"start":{"line":56,"column":12},"end":{"line":56,"column":48}},{"start":{"line":56,"column":48},"end":{"line":56,"column":53}}]}},"s":{"0":1,"1":1,"2":1,"3":1,"4":1,"5":1,"6":1,"7":1,"8":1,"9":1,"10":1,"11":1,"12":1,"13":1,"14":1,"15":1},"f":{"0":1,"1":1,"2":1,"3":1,"4":1},"b":{"0":[1,1],"1":[1,1]}}
,"C:\\Users\\Administrator\\Desktop\\table\\fyjh\\毛远雄\\src\\components\\table\\tableIndex.vue": {"path":"C:\\Users\\Administrator\\Desktop\\table\\fyjh\\毛远雄\\src\\components\\table\\tableIndex.vue","statementMap":{"0":{"start":{"line":52,"column":0},"end":{"line":52,"column":null}},"1":{"start":{"line":53,"column":0},"end":{"line":53,"column":null}},"2":{"start":{"line":54,"column":0},"end":{"line":54,"column":null}},"3":{"start":{"line":55,"column":0},"end":{"line":55,"column":null}},"4":{"start":{"line":62,"column":0},"end":{"line":62,"column":15}},"5":{"start":{"line":83,"column":27},"end":{"line":83,"column":29}},"6":{"start":{"line":87,"column":23},"end":{"line":87,"column":25}},"7":{"start":{"line":87,"column":30},"end":{"line":87,"column":32}},"8":{"start":{"line":88,"column":22},"end":{"line":88,"column":31}},"9":{"start":{"line":89,"column":22},"end":{"line":89,"column":31}},"10":{"start":{"line":90,"column":44},"end":{"line":90,"column":53}},"11":{"start":{"line":102,"column":8},"end":{"line":102,"column":14}},"12":{"start":{"line":102,"column":18},"end":{"line":102,"column":23}},"13":{"start":{"line":103,"column":12},"end":{"line":103,"column":17}},"14":{"start":{"line":106,"column":8},"end":{"line":106,"column":14}},"15":{"start":{"line":106,"column":19},"end":{"line":106,"column":24}},"16":{"start":{"line":106,"column":40},"end":{"line":106,"column":45}},"17":{"start":{"line":107,"column":12},"end":{"line":107,"column":21}},"18":{"start":{"line":108,"column":16},"end":{"line":108,"column":null}},"19":{"start":{"line":112,"column":26},"end":{"line":119,"column":null}},"20":{"start":{"line":113,"column":25},"end":{"line":113,"column":null}},"21":{"start":{"line":114,"column":12},"end":{"line":114,"column":17}},"22":{"start":{"line":115,"column":12},"end":{"line":115,"column":17}},"23":{"start":{"line":116,"column":29},"end":{"line":116,"column":null}},"24":{"start":{"line":117,"column":12},"end":{"line":117,"column":17}},"25":{"start":{"line":118,"column":12},"end":{"line":118,"column":17}},"26":{"start":{"line":121,"column":27},"end":{"line":121,"column":36}},"27":{"start":{"line":122,"column":12},"end":{"line":122,"column":13}},"28":{"start":{"line":123,"column":12},"end":{"line":123,"column":19}},"29":{"start":{"line":126,"column":33},"end":{"line":132,"column":null}},"30":{"start":{"line":127,"column":12},"end":{"line":131,"column":null}},"31":{"start":{"line":128,"column":16},"end":{"line":128,"column":23}},"32":{"start":{"line":129,"column":19},"end":{"line":131,"column":null}},"33":{"start":{"line":130,"column":16},"end":{"line":130,"column":23}},"34":{"start":{"line":134,"column":24},"end":{"line":137,"column":null}},"35":{"start":{"line":135,"column":12},"end":{"line":135,"column":13}},"36":{"start":{"line":136,"column":12},"end":{"line":136,"column":16}},"37":{"start":{"line":139,"column":28},"end":{"line":141,"column":null}},"38":{"start":{"line":140,"column":11},"end":{"line":140,"column":15}},"39":{"start":{"line":143,"column":23},"end":{"line":146,"column":null}},"40":{"start":{"line":144,"column":12},"end":{"line":144,"column":13}},"41":{"start":{"line":145,"column":12},"end":{"line":145,"column":16}},"42":{"start":{"line":148,"column":26},"end":{"line":150,"column":null}},"43":{"start":{"line":149,"column":12},"end":{"line":149,"column":17}},"44":{"start":{"line":149,"column":74},"end":{"line":149,"column":78}},"45":{"start":{"line":152,"column":31},"end":{"line":155,"column":null}},"46":{"start":{"line":153,"column":12},"end":{"line":153,"column":13}},"47":{"start":{"line":154,"column":12},"end":{"line":154,"column":16}},"48":{"start":{"line":157,"column":29},"end":{"line":165,"column":null}},"49":{"start":{"line":158,"column":11},"end":{"line":164,"column":null}},"50":{"start":{"line":159,"column":16},"end":{"line":159,"column":21}},"51":{"start":{"line":160,"column":20},"end":{"line":160,"column":27}},"52":{"start":{"line":163,"column":15},"end":{"line":163,"column":20}},"53":{"start":{"line":167,"column":8},"end":{"line":167,"column":null}}},"fnMap":{"0":{"name":"(anonymous_3)","decl":{"start":{"line":83,"column":21},"end":{"line":83,"column":27}},"loc":{"start":{"line":83,"column":21},"end":{"line":83,"column":null}}},"1":{"name":"(anonymous_4)","decl":{"start":{"line":87,"column":4},"end":{"line":87,"column":9}},"loc":{"start":{"line":87,"column":32},"end":{"line":181,"column":null}}},"2":{"name":"(anonymous_5)","decl":{"start":{"line":102,"column":14},"end":{"line":102,"column":18}},"loc":{"start":{"line":102,"column":14},"end":{"line":102,"column":35}}},"3":{"name":"(anonymous_6)","decl":{"start":{"line":102,"column":35},"end":{"line":102,"column":null}},"loc":{"start":{"line":102,"column":35},"end":{"line":104,"column":10}}},"4":{"name":"(anonymous_7)","decl":{"start":{"line":106,"column":15},"end":{"line":106,"column":19}},"loc":{"start":{"line":106,"column":15},"end":{"line":106,"column":36}}},"5":{"name":"(anonymous_8)","decl":{"start":{"line":106,"column":36},"end":{"line":106,"column":40}},"loc":{"start":{"line":106,"column":36},"end":{"line":106,"column":58}}},"6":{"name":"(anonymous_9)","decl":{"start":{"line":106,"column":58},"end":{"line":106,"column":null}},"loc":{"start":{"line":106,"column":58},"end":{"line":110,"column":10}}},"7":{"name":"(anonymous_10)","decl":{"start":{"line":107,"column":21},"end":{"line":107,"column":null}},"loc":{"start":{"line":107,"column":21},"end":{"line":109,"column":null}}},"8":{"name":"(anonymous_11)","decl":{"start":{"line":112,"column":26},"end":{"line":112,"column":null}},"loc":{"start":{"line":112,"column":26},"end":{"line":119,"column":null}}},"9":{"name":"(anonymous_12)","decl":{"start":{"line":121,"column":36},"end":{"line":121,"column":null}},"loc":{"start":{"line":121,"column":36},"end":{"line":124,"column":null}}},"10":{"name":"(anonymous_13)","decl":{"start":{"line":126,"column":33},"end":{"line":126,"column":null}},"loc":{"start":{"line":126,"column":33},"end":{"line":132,"column":null}}},"11":{"name":"(anonymous_14)","decl":{"start":{"line":134,"column":24},"end":{"line":134,"column":25}},"loc":{"start":{"line":134,"column":36},"end":{"line":137,"column":null}}},"12":{"name":"(anonymous_15)","decl":{"start":{"line":139,"column":28},"end":{"line":139,"column":29}},"loc":{"start":{"line":139,"column":51},"end":{"line":141,"column":null}}},"13":{"name":"(anonymous_16)","decl":{"start":{"line":143,"column":23},"end":{"line":143,"column":24}},"loc":{"start":{"line":143,"column":46},"end":{"line":146,"column":null}}},"14":{"name":"(anonymous_17)","decl":{"start":{"line":148,"column":26},"end":{"line":148,"column":27}},"loc":{"start":{"line":148,"column":40},"end":{"line":150,"column":null}}},"15":{"name":"(anonymous_18)","decl":{"start":{"line":149,"column":59},"end":{"line":149,"column":60}},"loc":{"start":{"line":149,"column":69},"end":{"line":149,"column":85}}},"16":{"name":"(anonymous_19)","decl":{"start":{"line":152,"column":31},"end":{"line":152,"column":32}},"loc":{"start":{"line":152,"column":53},"end":{"line":155,"column":null}}},"17":{"name":"(anonymous_20)","decl":{"start":{"line":157,"column":29},"end":{"line":157,"column":30}},"loc":{"start":{"line":157,"column":56},"end":{"line":165,"column":null}}},"18":{"name":"(anonymous_21)","decl":{"start":{"line":159,"column":57},"end":{"line":159,"column":58}},"loc":{"start":{"line":159,"column":67},"end":{"line":161,"column":null}}}},"branchMap":{"0":{"loc":{"start":{"line":113,"column":25},"end":{"line":113,"column":null}},"type":"binary-expr","locations":[{"start":{"line":113,"column":25},"end":{"line":113,"column":60}},{"start":{"line":113,"column":60},"end":{"line":113,"column":null}}]},"1":{"loc":{"start":{"line":113,"column":25},"end":{"line":113,"column":60}},"type":"cond-expr","locations":[{"start":{"line":113,"column":42},"end":{"line":113,"column":44}},{"start":{"line":113,"column":42},"end":{"line":113,"column":60}}]},"2":{"loc":{"start":{"line":113,"column":25},"end":{"line":113,"column":44}},"type":"binary-expr","locations":[{"start":{"line":113,"column":25},"end":{"line":113,"column":44}},{"start":{"line":113,"column":42},"end":{"line":113,"column":44}}]},"3":{"loc":{"start":{"line":113,"column":25},"end":{"line":113,"column":42}},"type":"cond-expr","locations":[{"start":{"line":113,"column":37},"end":{"line":113,"column":39}},{"start":{"line":113,"column":37},"end":{"line":113,"column":42}}]},"4":{"loc":{"start":{"line":113,"column":25},"end":{"line":113,"column":39}},"type":"binary-expr","locations":[{"start":{"line":113,"column":25},"end":{"line":113,"column":39}},{"start":{"line":113,"column":37},"end":{"line":113,"column":39}}]},"5":{"loc":{"start":{"line":113,"column":25},"end":{"line":113,"column":37}},"type":"cond-expr","locations":[{"start":{"line":113,"column":30},"end":{"line":113,"column":32}},{"start":{"line":113,"column":25},"end":{"line":113,"column":37}}]},"6":{"loc":{"start":{"line":113,"column":25},"end":{"line":113,"column":32}},"type":"binary-expr","locations":[{"start":{"line":113,"column":25},"end":{"line":113,"column":32}},{"start":{"line":113,"column":25},"end":{"line":113,"column":32}}]},"7":{"loc":{"start":{"line":114,"column":43},"end":{"line":114,"column":null}},"type":"binary-expr","locations":[{"start":{"line":114,"column":43},"end":{"line":114,"column":73}},{"start":{"line":114,"column":73},"end":{"line":114,"column":null}}]},"8":{"loc":{"start":{"line":114,"column":43},"end":{"line":114,"column":73}},"type":"cond-expr","locations":[{"start":{"line":114,"column":55},"end":{"line":114,"column":57}},{"start":{"line":114,"column":55},"end":{"line":114,"column":73}}]},"9":{"loc":{"start":{"line":114,"column":43},"end":{"line":114,"column":57}},"type":"binary-expr","locations":[{"start":{"line":114,"column":43},"end":{"line":114,"column":57}},{"start":{"line":114,"column":55},"end":{"line":114,"column":57}}]},"10":{"loc":{"start":{"line":114,"column":43},"end":{"line":114,"column":55}},"type":"cond-expr","locations":[{"start":{"line":114,"column":48},"end":{"line":114,"column":50}},{"start":{"line":114,"column":43},"end":{"line":114,"column":55}}]},"11":{"loc":{"start":{"line":114,"column":43},"end":{"line":114,"column":50}},"type":"binary-expr","locations":[{"start":{"line":114,"column":43},"end":{"line":114,"column":50}},{"start":{"line":114,"column":43},"end":{"line":114,"column":50}}]},"12":{"loc":{"start":{"line":116,"column":29},"end":{"line":116,"column":null}},"type":"cond-expr","locations":[{"start":{"line":116,"column":46},"end":{"line":116,"column":84}},{"start":{"line":116,"column":84},"end":{"line":116,"column":null}}]},"13":{"loc":{"start":{"line":117,"column":32},"end":{"line":117,"column":null}},"type":"cond-expr","locations":[{"start":{"line":117,"column":76},"end":{"line":117,"column":92}},{"start":{"line":117,"column":92},"end":{"line":117,"column":null}}]},"14":{"loc":{"start":{"line":117,"column":32},"end":{"line":117,"column":76}},"type":"binary-expr","locations":[{"start":{"line":117,"column":32},"end":{"line":117,"column":57}},{"start":{"line":117,"column":57},"end":{"line":117,"column":76}}]},"15":{"loc":{"start":{"line":118,"column":12},"end":{"line":118,"column":87}},"type":"binary-expr","locations":[{"start":{"line":118,"column":12},"end":{"line":118,"column":44}},{"start":{"line":118,"column":44},"end":{"line":118,"column":80}},{"start":{"line":118,"column":80},"end":{"line":118,"column":87}}]},"16":{"loc":{"start":{"line":122,"column":12},"end":{"line":122,"column":40}},"type":"binary-expr","locations":[{"start":{"line":122,"column":12},"end":{"line":122,"column":33}},{"start":{"line":122,"column":33},"end":{"line":122,"column":40}}]},"17":{"loc":{"start":{"line":127,"column":12},"end":{"line":131,"column":null}},"type":"if","locations":[{"start":{"line":127,"column":12},"end":{"line":131,"column":null}},{"start":{"line":129,"column":19},"end":{"line":131,"column":null}}]},"18":{"loc":{"start":{"line":129,"column":19},"end":{"line":131,"column":null}},"type":"if","locations":[{"start":{"line":129,"column":19},"end":{"line":131,"column":null}}]},"19":{"loc":{"start":{"line":135,"column":12},"end":{"line":135,"column":30}},"type":"binary-expr","locations":[{"start":{"line":135,"column":12},"end":{"line":135,"column":23}},{"start":{"line":135,"column":23},"end":{"line":135,"column":30}}]},"20":{"loc":{"start":{"line":144,"column":12},"end":{"line":144,"column":31}},"type":"binary-expr","locations":[{"start":{"line":144,"column":12},"end":{"line":144,"column":24}},{"start":{"line":144,"column":24},"end":{"line":144,"column":31}}]},"21":{"loc":{"start":{"line":149,"column":31},"end":{"line":149,"column":null}},"type":"cond-expr","locations":[{"start":{"line":149,"column":39},"end":{"line":149,"column":44}},{"start":{"line":149,"column":85},"end":{"line":149,"column":null}}]},"22":{"loc":{"start":{"line":153,"column":12},"end":{"line":153,"column":28}},"type":"binary-expr","locations":[{"start":{"line":153,"column":12},"end":{"line":153,"column":21}},{"start":{"line":153,"column":21},"end":{"line":153,"column":28}}]},"23":{"loc":{"start":{"line":154,"column":12},"end":{"line":154,"column":null}},"type":"cond-expr","locations":[{"start":{"line":154,"column":38},"end":{"line":154,"column":75}},{"start":{"line":154,"column":75},"end":{"line":154,"column":null}}]},"24":{"loc":{"start":{"line":158,"column":11},"end":{"line":164,"column":null}},"type":"if","locations":[{"start":{"line":158,"column":11},"end":{"line":164,"column":null}},{"start":{"line":162,"column":16},"end":{"line":164,"column":null}}]}},"s":{"0":1,"1":1,"2":1,"3":1,"4":1,"5":1,"6":1,"7":1,"8":1,"9":1,"10":1,"11":1,"12":2,"13":2,"14":1,"15":4,"16":4,"17":4,"18":4,"19":1,"20":4,"21":4,"22":4,"23":4,"24":4,"25":4,"26":1,"27":5,"28":5,"29":1,"30":2,"31":1,"32":1,"33":1,"34":1,"35":1,"36":1,"37":1,"38":1,"39":1,"40":3,"41":3,"42":1,"43":2,"44":6,"45":1,"46":2,"47":2,"48":1,"49":2,"50":1,"51":6,"52":1,"53":1},"f":{"0":1,"1":1,"2":2,"3":2,"4":4,"5":4,"6":4,"7":4,"8":4,"9":5,"10":2,"11":1,"12":1,"13":3,"14":2,"15":6,"16":2,"17":2,"18":6},"b":{"0":[4,4],"1":[0,4],"2":[4,4],"3":[0,4],"4":[4,4],"5":[0,4],"6":[4,4],"7":[4,4],"8":[0,4],"9":[4,4],"10":[0,4],"11":[4,4],"12":[2,2],"13":[2,2],"14":[4,2],"15":[4,4,0],"16":[5,0],"17":[1,1],"18":[1],"19":[1,0],"20":[3,0],"21":[1,1],"22":[2,0],"23":[1,1],"24":[1,1]}}
,"C:\\Users\\Administrator\\Desktop\\table\\fyjh\\毛远雄\\src\\components\\table\\tbodyIndex.vue": {"path":"C:\\Users\\Administrator\\Desktop\\table\\fyjh\\毛远雄\\src\\components\\table\\tbodyIndex.vue","statementMap":{"0":{"start":{"line":39,"column":0},"end":{"line":39,"column":null}},"1":{"start":{"line":45,"column":0},"end":{"line":45,"column":15}},"2":{"start":{"line":51,"column":27},"end":{"line":51,"column":29}},"3":{"start":{"line":56,"column":27},"end":{"line":56,"column":29}},"4":{"start":{"line":70,"column":25},"end":{"line":70,"column":27}},"5":{"start":{"line":74,"column":22},"end":{"line":74,"column":23}},"6":{"start":{"line":75,"column":43},"end":{"line":75,"column":52}},"7":{"start":{"line":80,"column":8},"end":{"line":80,"column":14}},"8":{"start":{"line":80,"column":18},"end":{"line":80,"column":23}},"9":{"start":{"line":81,"column":12},"end":{"line":81,"column":17}},"10":{"start":{"line":84,"column":27},"end":{"line":84,"column":36}},"11":{"start":{"line":86,"column":16},"end":{"line":86,"column":23}},"12":{"start":{"line":89,"column":16},"end":{"line":89,"column":23}},"13":{"start":{"line":90,"column":16},"end":{"line":90,"column":20}},"14":{"start":{"line":91,"column":16},"end":{"line":91,"column":24}},"15":{"start":{"line":95,"column":27},"end":{"line":95,"column":36}},"16":{"start":{"line":97,"column":16},"end":{"line":97,"column":23}},"17":{"start":{"line":100,"column":16},"end":{"line":100,"column":20}},"18":{"start":{"line":101,"column":16},"end":{"line":101,"column":24}},"19":{"start":{"line":105,"column":24},"end":{"line":107,"column":null}},"20":{"start":{"line":106,"column":12},"end":{"line":106,"column":16}},"21":{"start":{"line":109,"column":25},"end":{"line":114,"column":null}},"22":{"start":{"line":110,"column":40},"end":{"line":110,"column":null}},"23":{"start":{"line":111,"column":12},"end":{"line":111,"column":15}},"24":{"start":{"line":112,"column":12},"end":{"line":112,"column":15}},"25":{"start":{"line":113,"column":12},"end":{"line":113,"column":19}},"26":{"start":{"line":116,"column":8},"end":{"line":116,"column":null}}},"fnMap":{"0":{"name":"(anonymous_3)","decl":{"start":{"line":51,"column":21},"end":{"line":51,"column":27}},"loc":{"start":{"line":51,"column":21},"end":{"line":51,"column":null}}},"1":{"name":"(anonymous_4)","decl":{"start":{"line":56,"column":21},"end":{"line":56,"column":27}},"loc":{"start":{"line":56,"column":21},"end":{"line":56,"column":null}}},"2":{"name":"(anonymous_5)","decl":{"start":{"line":70,"column":21},"end":{"line":70,"column":25}},"loc":{"start":{"line":70,"column":21},"end":{"line":70,"column":null}}},"3":{"name":"(anonymous_6)","decl":{"start":{"line":74,"column":4},"end":{"line":74,"column":9}},"loc":{"start":{"line":74,"column":23},"end":{"line":123,"column":null}}},"4":{"name":"(anonymous_7)","decl":{"start":{"line":80,"column":14},"end":{"line":80,"column":18}},"loc":{"start":{"line":80,"column":14},"end":{"line":80,"column":36}}},"5":{"name":"(anonymous_8)","decl":{"start":{"line":80,"column":36},"end":{"line":80,"column":null}},"loc":{"start":{"line":80,"column":36},"end":{"line":82,"column":10}}},"6":{"name":"(anonymous_9)","decl":{"start":{"line":85,"column":15},"end":{"line":85,"column":null}},"loc":{"start":{"line":85,"column":15},"end":{"line":87,"column":null}}},"7":{"name":"(anonymous_10)","decl":{"start":{"line":88,"column":12},"end":{"line":88,"column":15}},"loc":{"start":{"line":88,"column":29},"end":{"line":92,"column":null}}},"8":{"name":"(anonymous_11)","decl":{"start":{"line":96,"column":15},"end":{"line":96,"column":null}},"loc":{"start":{"line":96,"column":15},"end":{"line":98,"column":null}}},"9":{"name":"(anonymous_12)","decl":{"start":{"line":99,"column":12},"end":{"line":99,"column":15}},"loc":{"start":{"line":99,"column":27},"end":{"line":102,"column":null}}},"10":{"name":"(anonymous_13)","decl":{"start":{"line":105,"column":24},"end":{"line":105,"column":25}},"loc":{"start":{"line":105,"column":36},"end":{"line":107,"column":null}}},"11":{"name":"(anonymous_14)","decl":{"start":{"line":109,"column":25},"end":{"line":109,"column":26}},"loc":{"start":{"line":109,"column":42},"end":{"line":114,"column":null}}}},"branchMap":{"0":{"loc":{"start":{"line":111,"column":12},"end":{"line":111,"column":15}},"type":"binary-expr","locations":[{"start":{"line":111,"column":12},"end":{"line":111,"column":26}},{"start":{"line":111,"column":26},"end":{"line":111,"column":null}}]},"1":{"loc":{"start":{"line":112,"column":12},"end":{"line":112,"column":15}},"type":"binary-expr","locations":[{"start":{"line":112,"column":12},"end":{"line":112,"column":26}},{"start":{"line":112,"column":26},"end":{"line":112,"column":null}}]}},"s":{"0":1,"1":1,"2":2,"3":1,"4":1,"5":2,"6":2,"7":2,"8":4,"9":4,"10":2,"11":3,"12":1,"13":1,"14":1,"15":2,"16":2,"17":1,"18":1,"19":2,"20":1,"21":2,"22":244,"23":244,"24":244,"25":244,"26":2},"f":{"0":2,"1":1,"2":1,"3":2,"4":4,"5":4,"6":3,"7":1,"8":2,"9":1,"10":1,"11":244},"b":{"0":[244,61],"1":[244,61]}}
,"C:\\Users\\Administrator\\Desktop\\table\\fyjh\\毛远雄\\src\\components\\table\\theadIndex.vue": {"path":"C:\\Users\\Administrator\\Desktop\\table\\fyjh\\毛远雄\\src\\components\\table\\theadIndex.vue","statementMap":{"0":{"start":{"line":57,"column":0},"end":{"line":57,"column":null}},"1":{"start":{"line":62,"column":0},"end":{"line":62,"column":15}},"2":{"start":{"line":68,"column":27},"end":{"line":68,"column":29}},"3":{"start":{"line":86,"column":26},"end":{"line":86,"column":28}},"4":{"start":{"line":90,"column":22},"end":{"line":90,"column":23}},"5":{"start":{"line":92,"column":43},"end":{"line":92,"column":52}},"6":{"start":{"line":102,"column":8},"end":{"line":102,"column":18}},"7":{"start":{"line":103,"column":12},"end":{"line":103,"column":17}},"8":{"start":{"line":104,"column":16},"end":{"line":104,"column":20}},"9":{"start":{"line":106,"column":12},"end":{"line":106,"column":20}},"10":{"start":{"line":107,"column":16},"end":{"line":107,"column":21}},"11":{"start":{"line":111,"column":8},"end":{"line":111,"column":14}},"12":{"start":{"line":111,"column":18},"end":{"line":111,"column":23}},"13":{"start":{"line":112,"column":12},"end":{"line":112,"column":17}},"14":{"start":{"line":115,"column":29},"end":{"line":117,"column":null}},"15":{"start":{"line":116,"column":12},"end":{"line":116,"column":19}},"16":{"start":{"line":119,"column":26},"end":{"line":121,"column":null}},"17":{"start":{"line":120,"column":12},"end":{"line":120,"column":16}},"18":{"start":{"line":123,"column":25},"end":{"line":128,"column":null}},"19":{"start":{"line":124,"column":41},"end":{"line":124,"column":null}},"20":{"start":{"line":125,"column":12},"end":{"line":125,"column":15}},"21":{"start":{"line":126,"column":12},"end":{"line":126,"column":15}},"22":{"start":{"line":127,"column":12},"end":{"line":127,"column":19}},"23":{"start":{"line":130,"column":26},"end":{"line":135,"column":null}},"24":{"start":{"line":131,"column":23},"end":{"line":131,"column":24}},"25":{"start":{"line":132,"column":12},"end":{"line":132,"column":17}},"26":{"start":{"line":133,"column":12},"end":{"line":133,"column":13}},"27":{"start":{"line":134,"column":12},"end":{"line":134,"column":16}},"28":{"start":{"line":137,"column":28},"end":{"line":142,"column":null}},"29":{"start":{"line":138,"column":12},"end":{"line":138,"column":17}},"30":{"start":{"line":139,"column":12},"end":{"line":139,"column":17}},"31":{"start":{"line":140,"column":12},"end":{"line":140,"column":17}},"32":{"start":{"line":141,"column":12},"end":{"line":141,"column":17}},"33":{"start":{"line":144,"column":28},"end":{"line":146,"column":null}},"34":{"start":{"line":145,"column":12},"end":{"line":145,"column":16}},"35":{"start":{"line":148,"column":8},"end":{"line":148,"column":null}}},"fnMap":{"0":{"name":"(anonymous_2)","decl":{"start":{"line":68,"column":21},"end":{"line":68,"column":27}},"loc":{"start":{"line":68,"column":21},"end":{"line":68,"column":null}}},"1":{"name":"(anonymous_3)","decl":{"start":{"line":86,"column":20},"end":{"line":86,"column":26}},"loc":{"start":{"line":86,"column":20},"end":{"line":86,"column":null}}},"2":{"name":"(anonymous_4)","decl":{"start":{"line":90,"column":4},"end":{"line":90,"column":9}},"loc":{"start":{"line":90,"column":23},"end":{"line":157,"column":null}}},"3":{"name":"(anonymous_5)","decl":{"start":{"line":102,"column":18},"end":{"line":102,"column":null}},"loc":{"start":{"line":102,"column":18},"end":{"line":109,"column":null}}},"4":{"name":"(anonymous_6)","decl":{"start":{"line":103,"column":37},"end":{"line":103,"column":38}},"loc":{"start":{"line":103,"column":57},"end":{"line":105,"column":null}}},"5":{"name":"(anonymous_7)","decl":{"start":{"line":106,"column":46},"end":{"line":106,"column":null}},"loc":{"start":{"line":106,"column":46},"end":{"line":108,"column":null}}},"6":{"name":"(anonymous_8)","decl":{"start":{"line":111,"column":14},"end":{"line":111,"column":18}},"loc":{"start":{"line":111,"column":14},"end":{"line":111,"column":35}}},"7":{"name":"(anonymous_9)","decl":{"start":{"line":111,"column":35},"end":{"line":111,"column":null}},"loc":{"start":{"line":111,"column":35},"end":{"line":113,"column":null}}},"8":{"name":"(anonymous_10)","decl":{"start":{"line":115,"column":29},"end":{"line":115,"column":30}},"loc":{"start":{"line":115,"column":43},"end":{"line":117,"column":null}}},"9":{"name":"(anonymous_11)","decl":{"start":{"line":119,"column":26},"end":{"line":119,"column":null}},"loc":{"start":{"line":119,"column":26},"end":{"line":121,"column":null}}},"10":{"name":"(anonymous_12)","decl":{"start":{"line":123,"column":25},"end":{"line":123,"column":26}},"loc":{"start":{"line":123,"column":43},"end":{"line":128,"column":null}}},"11":{"name":"(anonymous_13)","decl":{"start":{"line":130,"column":26},"end":{"line":130,"column":27}},"loc":{"start":{"line":130,"column":48},"end":{"line":135,"column":null}}},"12":{"name":"(anonymous_14)","decl":{"start":{"line":137,"column":28},"end":{"line":137,"column":29}},"loc":{"start":{"line":137,"column":50},"end":{"line":142,"column":null}}},"13":{"name":"(anonymous_15)","decl":{"start":{"line":144,"column":28},"end":{"line":144,"column":null}},"loc":{"start":{"line":144,"column":28},"end":{"line":146,"column":null}}}},"branchMap":{"0":{"loc":{"start":{"line":103,"column":12},"end":{"line":103,"column":29}},"type":"cond-expr","locations":[{"start":{"line":103,"column":27},"end":{"line":103,"column":29}},{"start":{"line":103,"column":27},"end":{"line":103,"column":29}}]},"1":{"loc":{"start":{"line":103,"column":12},"end":{"line":103,"column":29}},"type":"binary-expr","locations":[{"start":{"line":103,"column":12},"end":{"line":103,"column":29}},{"start":{"line":103,"column":27},"end":{"line":103,"column":29}}]},"2":{"loc":{"start":{"line":104,"column":16},"end":{"line":104,"column":20}},"type":"binary-expr","locations":[{"start":{"line":104,"column":16},"end":{"line":104,"column":30}},{"start":{"line":104,"column":30},"end":{"line":104,"column":null}}]},"3":{"loc":{"start":{"line":125,"column":12},"end":{"line":125,"column":15}},"type":"binary-expr","locations":[{"start":{"line":125,"column":12},"end":{"line":125,"column":26}},{"start":{"line":125,"column":26},"end":{"line":125,"column":null}}]},"4":{"loc":{"start":{"line":126,"column":12},"end":{"line":126,"column":15}},"type":"binary-expr","locations":[{"start":{"line":126,"column":12},"end":{"line":126,"column":26}},{"start":{"line":126,"column":26},"end":{"line":126,"column":null}}]},"5":{"loc":{"start":{"line":133,"column":12},"end":{"line":133,"column":38}},"type":"binary-expr","locations":[{"start":{"line":133,"column":12},"end":{"line":133,"column":22}},{"start":{"line":133,"column":22},"end":{"line":133,"column":31}},{"start":{"line":133,"column":31},"end":{"line":133,"column":38}}]}},"s":{"0":1,"1":1,"2":1,"3":1,"4":1,"5":1,"6":1,"7":1,"8":0,"9":1,"10":0,"11":1,"12":4,"13":3,"14":1,"15":48,"16":1,"17":1,"18":1,"19":48,"20":48,"21":48,"22":48,"23":1,"24":1,"25":1,"26":1,"27":1,"28":1,"29":1,"30":1,"31":1,"32":1,"33":1,"34":1,"35":1},"f":{"0":1,"1":1,"2":1,"3":1,"4":0,"5":0,"6":4,"7":3,"8":48,"9":1,"10":48,"11":1,"12":1,"13":1},"b":{"0":[0,1],"1":[1,1],"2":[0,0],"3":[48,12],"4":[48,12],"5":[1,1,0]}}
}
