TN:
SF:src\components\table\pageination.vue
FN:39,(anonymous_2)
FN:46,(anonymous_3)
FN:50,(anonymous_4)
FN:55,(anonymous_5)
FN:60,(anonymous_6)
FNF:5
FNH:5
FNDA:1,(anonymous_2)
FNDA:1,(anonymous_3)
FNDA:1,(anonymous_4)
FNDA:1,(anonymous_5)
FNDA:1,(anonymous_6)
DA:21,1
DA:23,1
DA:39,1
DA:41,1
DA:46,1
DA:47,1
DA:50,1
DA:51,1
DA:52,1
DA:55,1
DA:56,1
DA:57,1
DA:60,1
DA:61,1
DA:62,1
DA:64,1
LF:16
LH:16
BRDA:51,0,0,1
BRDA:51,0,1,1
BRDA:56,1,0,1
BRDA:56,1,1,1
BRF:4
BRH:4
end_of_record
TN:
SF:src\components\table\tableIndex.vue
FN:83,(anonymous_3)
FN:87,(anonymous_4)
FN:102,(anonymous_5)
FN:102,(anonymous_6)
FN:106,(anonymous_7)
FN:106,(anonymous_8)
FN:106,(anonymous_9)
FN:107,(anonymous_10)
FN:112,(anonymous_11)
FN:121,(anonymous_12)
FN:126,(anonymous_13)
FN:134,(anonymous_14)
FN:139,(anonymous_15)
FN:143,(anonymous_16)
FN:148,(anonymous_17)
FN:149,(anonymous_18)
FN:152,(anonymous_19)
FN:157,(anonymous_20)
FN:159,(anonymous_21)
FNF:19
FNH:19
FNDA:1,(anonymous_3)
FNDA:1,(anonymous_4)
FNDA:2,(anonymous_5)
FNDA:2,(anonymous_6)
FNDA:4,(anonymous_7)
FNDA:4,(anonymous_8)
FNDA:4,(anonymous_9)
FNDA:4,(anonymous_10)
FNDA:4,(anonymous_11)
FNDA:5,(anonymous_12)
FNDA:2,(anonymous_13)
FNDA:1,(anonymous_14)
FNDA:1,(anonymous_15)
FNDA:3,(anonymous_16)
FNDA:2,(anonymous_17)
FNDA:6,(anonymous_18)
FNDA:2,(anonymous_19)
FNDA:2,(anonymous_20)
FNDA:6,(anonymous_21)
DA:52,1
DA:53,1
DA:54,1
DA:55,1
DA:62,1
DA:83,1
DA:87,1
DA:88,1
DA:89,1
DA:90,1
DA:102,2
DA:103,2
DA:106,4
DA:107,4
DA:108,4
DA:112,1
DA:113,4
DA:114,4
DA:115,4
DA:116,4
DA:117,4
DA:118,4
DA:121,1
DA:122,5
DA:123,5
DA:126,1
DA:127,2
DA:128,1
DA:129,1
DA:130,1
DA:134,1
DA:135,1
DA:136,1
DA:139,1
DA:140,1
DA:143,1
DA:144,3
DA:145,3
DA:148,1
DA:149,6
DA:152,1
DA:153,2
DA:154,2
DA:157,1
DA:158,2
DA:159,1
DA:160,6
DA:163,1
DA:167,1
LF:49
LH:49
BRDA:113,0,0,4
BRDA:113,0,1,4
BRDA:113,1,0,0
BRDA:113,1,1,4
BRDA:113,2,0,4
BRDA:113,2,1,4
BRDA:113,3,0,0
BRDA:113,3,1,4
BRDA:113,4,0,4
BRDA:113,4,1,4
BRDA:113,5,0,0
BRDA:113,5,1,4
BRDA:113,6,0,4
BRDA:113,6,1,4
BRDA:114,7,0,4
BRDA:114,7,1,4
BRDA:114,8,0,0
BRDA:114,8,1,4
BRDA:114,9,0,4
BRDA:114,9,1,4
BRDA:114,10,0,0
BRDA:114,10,1,4
BRDA:114,11,0,4
BRDA:114,11,1,4
BRDA:116,12,0,2
BRDA:116,12,1,2
BRDA:117,13,0,2
BRDA:117,13,1,2
BRDA:117,14,0,4
BRDA:117,14,1,2
BRDA:118,15,0,4
BRDA:118,15,1,4
BRDA:118,15,2,0
BRDA:122,16,0,5
BRDA:122,16,1,0
BRDA:127,17,0,1
BRDA:127,17,1,1
BRDA:129,18,0,1
BRDA:135,19,0,1
BRDA:135,19,1,0
BRDA:144,20,0,3
BRDA:144,20,1,0
BRDA:149,21,0,1
BRDA:149,21,1,1
BRDA:153,22,0,2
BRDA:153,22,1,0
BRDA:154,23,0,1
BRDA:154,23,1,1
BRDA:158,24,0,1
BRDA:158,24,1,1
BRF:50
BRH:40
end_of_record
TN:
SF:src\components\table\tbodyIndex.vue
FN:51,(anonymous_3)
FN:56,(anonymous_4)
FN:70,(anonymous_5)
FN:74,(anonymous_6)
FN:80,(anonymous_7)
FN:80,(anonymous_8)
FN:85,(anonymous_9)
FN:88,(anonymous_10)
FN:96,(anonymous_11)
FN:99,(anonymous_12)
FN:105,(anonymous_13)
FN:109,(anonymous_14)
FNF:12
FNH:12
FNDA:2,(anonymous_3)
FNDA:1,(anonymous_4)
FNDA:1,(anonymous_5)
FNDA:2,(anonymous_6)
FNDA:4,(anonymous_7)
FNDA:4,(anonymous_8)
FNDA:3,(anonymous_9)
FNDA:1,(anonymous_10)
FNDA:2,(anonymous_11)
FNDA:1,(anonymous_12)
FNDA:1,(anonymous_13)
FNDA:244,(anonymous_14)
DA:39,1
DA:45,1
DA:51,2
DA:56,1
DA:70,1
DA:74,2
DA:75,2
DA:80,4
DA:81,4
DA:84,2
DA:86,3
DA:89,1
DA:90,1
DA:91,1
DA:95,2
DA:97,2
DA:100,1
DA:101,1
DA:105,2
DA:106,1
DA:109,2
DA:110,244
DA:111,244
DA:112,244
DA:113,244
DA:116,2
LF:26
LH:26
BRDA:111,0,0,244
BRDA:111,0,1,61
BRDA:112,1,0,244
BRDA:112,1,1,61
BRF:4
BRH:4
end_of_record
TN:
SF:src\components\table\theadIndex.vue
FN:68,(anonymous_2)
FN:86,(anonymous_3)
FN:90,(anonymous_4)
FN:102,(anonymous_5)
FN:103,(anonymous_6)
FN:106,(anonymous_7)
FN:111,(anonymous_8)
FN:111,(anonymous_9)
FN:115,(anonymous_10)
FN:119,(anonymous_11)
FN:123,(anonymous_12)
FN:130,(anonymous_13)
FN:137,(anonymous_14)
FN:144,(anonymous_15)
FNF:14
FNH:12
FNDA:1,(anonymous_2)
FNDA:1,(anonymous_3)
FNDA:1,(anonymous_4)
FNDA:1,(anonymous_5)
FNDA:0,(anonymous_6)
FNDA:0,(anonymous_7)
FNDA:4,(anonymous_8)
FNDA:3,(anonymous_9)
FNDA:48,(anonymous_10)
FNDA:1,(anonymous_11)
FNDA:48,(anonymous_12)
FNDA:1,(anonymous_13)
FNDA:1,(anonymous_14)
FNDA:1,(anonymous_15)
DA:57,1
DA:62,1
DA:68,1
DA:86,1
DA:90,1
DA:92,1
DA:102,1
DA:103,1
DA:104,0
DA:106,1
DA:107,0
DA:111,4
DA:112,3
DA:115,1
DA:116,48
DA:119,1
DA:120,1
DA:123,1
DA:124,48
DA:125,48
DA:126,48
DA:127,48
DA:130,1
DA:131,1
DA:132,1
DA:133,1
DA:134,1
DA:137,1
DA:138,1
DA:139,1
DA:140,1
DA:141,1
DA:144,1
DA:145,1
DA:148,1
LF:35
LH:33
BRDA:103,0,0,0
BRDA:103,0,1,1
BRDA:103,1,0,1
BRDA:103,1,1,1
BRDA:104,2,0,0
BRDA:104,2,1,0
BRDA:125,3,0,48
BRDA:125,3,1,12
BRDA:126,4,0,48
BRDA:126,4,1,12
BRDA:133,5,0,1
BRDA:133,5,1,1
BRDA:133,5,2,0
BRF:13
BRH:9
end_of_record
