{"E:\\code\\fyjh\\蒋鹏翔\\src\\api\\tableApi.ts": {"path":"E:\\code\\fyjh\\蒋鹏翔\\src\\api\\tableApi.ts","statementMap":{"0":{"start":{"line":2,"column":4},"end":{"line":2,"column":11}},"1":{"start":{"line":1,"column":0},"end":{"line":1,"column":16}}},"fnMap":{"0":{"name":"getTableData","decl":{"start":{"line":1,"column":16},"end":{"line":1,"column":28}},"loc":{"start":{"line":1,"column":28},"end":{"line":212,"column":null}}}},"branchMap":{},"s":{"0":1,"1":1},"f":{"0":1},"b":{}}
,"E:\\code\\fyjh\\蒋鹏翔\\src\\components\\TableColumn.vue": {"path":"E:\\code\\fyjh\\蒋鹏翔\\src\\components\\TableColumn.vue","statementMap":{"0":{"start":{"line":22,"column":0},"end":{"line":22,"column":null}},"1":{"start":{"line":23,"column":0},"end":{"line":23,"column":null}},"2":{"start":{"line":24,"column":0},"end":{"line":24,"column":null}},"3":{"start":{"line":26,"column":0},"end":{"line":26,"column":15}},"4":{"start":{"line":55,"column":25},"end":{"line":55,"column":29}},"5":{"start":{"line":57,"column":24},"end":{"line":65,"column":null}},"6":{"start":{"line":58,"column":12},"end":{"line":58,"column":20}},"7":{"start":{"line":64,"column":12},"end":{"line":64,"column":20}},"8":{"start":{"line":67,"column":26},"end":{"line":67,"column":35}},"9":{"start":{"line":68,"column":12},"end":{"line":68,"column":19}},"10":{"start":{"line":71,"column":27},"end":{"line":71,"column":36}},"11":{"start":{"line":72,"column":12},"end":{"line":72,"column":19}},"12":{"start":{"line":77,"column":8},"end":{"line":77,"column":15}}},"fnMap":{"0":{"name":"(anonymous_1)","decl":{"start":{"line":53,"column":9},"end":{"line":53,"column":null}},"loc":{"start":{"line":53,"column":9},"end":{"line":83,"column":null}}},"1":{"name":"(anonymous_2)","decl":{"start":{"line":57,"column":24},"end":{"line":57,"column":null}},"loc":{"start":{"line":57,"column":24},"end":{"line":65,"column":null}}},"2":{"name":"(anonymous_3)","decl":{"start":{"line":67,"column":35},"end":{"line":67,"column":null}},"loc":{"start":{"line":67,"column":35},"end":{"line":69,"column":null}}},"3":{"name":"(anonymous_4)","decl":{"start":{"line":71,"column":36},"end":{"line":71,"column":null}},"loc":{"start":{"line":71,"column":36},"end":{"line":73,"column":null}}}},"branchMap":{"0":{"loc":{"start":{"line":59,"column":16},"end":{"line":63,"column":null}},"type":"cond-expr","locations":[{"start":{"line":60,"column":22},"end":{"line":60,"column":null}},{"start":{"line":61,"column":22},"end":{"line":63,"column":null}}]},"1":{"loc":{"start":{"line":61,"column":22},"end":{"line":63,"column":null}},"type":"cond-expr","locations":[{"start":{"line":62,"column":22},"end":{"line":62,"column":null}},{"start":{"line":63,"column":22},"end":{"line":63,"column":null}}]}},"s":{"0":1,"1":1,"2":1,"3":1,"4":1,"5":1,"6":1,"7":1,"8":1,"9":2,"10":1,"11":2,"12":1},"f":{"0":1,"1":1,"2":2,"3":2},"b":{"0":[1,0],"1":[0,0]}}
,"E:\\code\\fyjh\\蒋鹏翔\\src\\type\\index.ts": {"path":"E:\\code\\fyjh\\蒋鹏翔\\src\\type\\index.ts","statementMap":{"0":{"start":{"line":20,"column":0},"end":{"line":20,"column":null}},"1":{"start":{"line":21,"column":0},"end":{"line":21,"column":12}},"2":{"start":{"line":23,"column":4},"end":{"line":23,"column":null}},"3":{"start":{"line":25,"column":4},"end":{"line":25,"column":null}},"4":{"start":{"line":27,"column":4},"end":{"line":27,"column":null}}},"fnMap":{"0":{"name":"(anonymous_0)","decl":{"start":{"line":21,"column":0},"end":{"line":21,"column":12}},"loc":{"start":{"line":21,"column":24},"end":{"line":28,"column":null}}}},"branchMap":{"0":{"loc":{"start":{"line":21,"column":12},"end":{"line":21,"column":24}},"type":"binary-expr","locations":[{"start":{"line":21,"column":12},"end":{"line":21,"column":24}},{"start":{"line":21,"column":12},"end":{"line":21,"column":null}}]}},"s":{"0":1,"1":1,"2":1,"3":1,"4":1},"f":{"0":1},"b":{"0":[1,1]}}
,"E:\\code\\fyjh\\蒋鹏翔\\src\\view\\tableIndex.vue": {"path":"E:\\code\\fyjh\\蒋鹏翔\\src\\view\\tableIndex.vue","statementMap":{"0":{"start":{"line":30,"column":0},"end":{"line":30,"column":null}},"1":{"start":{"line":31,"column":0},"end":{"line":31,"column":null}},"2":{"start":{"line":33,"column":0},"end":{"line":33,"column":15}},"3":{"start":{"line":38,"column":28},"end":{"line":38,"column":32}},"4":{"start":{"line":39,"column":38},"end":{"line":39,"column":47}},"5":{"start":{"line":46,"column":30},"end":{"line":46,"column":null}},"6":{"start":{"line":46,"column":18},"end":{"line":46,"column":20}},"7":{"start":{"line":46,"column":25},"end":{"line":46,"column":30}},"8":{"start":{"line":47,"column":8},"end":{"line":47,"column":15}},"9":{"start":{"line":48,"column":8},"end":{"line":48,"column":15}},"10":{"start":{"line":50,"column":29},"end":{"line":52,"column":null}},"11":{"start":{"line":51,"column":12},"end":{"line":51,"column":19}},"12":{"start":{"line":54,"column":8},"end":{"line":54,"column":15}}},"fnMap":{"0":{"name":"(anonymous_0)","decl":{"start":{"line":36,"column":4},"end":{"line":36,"column":9}},"loc":{"start":{"line":36,"column":4},"end":{"line":59,"column":null}}},"1":{"name":"(anonymous_1)","decl":{"start":{"line":50,"column":29},"end":{"line":50,"column":30}},"loc":{"start":{"line":50,"column":42},"end":{"line":52,"column":null}}}},"branchMap":{},"s":{"0":1,"1":1,"2":1,"3":1,"4":1,"5":1,"6":1,"7":1,"8":1,"9":1,"10":1,"11":0,"12":1},"f":{"0":1,"1":0},"b":{}}
}
