TN:
SF:src\api\tableApi.ts
FN:1,getTableData
FNF:1
FNH:1
FNDA:1,getTableData
DA:1,1
DA:2,1
LF:2
LH:2
BRF:0
BRH:0
end_of_record
TN:
SF:src\components\TableColumn.vue
FN:53,(anonymous_1)
FN:57,(anonymous_2)
FN:67,(anonymous_3)
FN:71,(anonymous_4)
FNF:4
FNH:4
FNDA:1,(anonymous_1)
FNDA:1,(anonymous_2)
FNDA:2,(anonymous_3)
FNDA:2,(anonymous_4)
DA:22,1
DA:23,1
DA:24,1
DA:26,1
DA:55,1
DA:57,1
DA:58,1
DA:64,1
DA:67,1
DA:68,2
DA:71,1
DA:72,2
DA:77,1
LF:13
LH:13
BRDA:59,0,0,1
BRDA:59,0,1,0
BRDA:61,1,0,0
BRDA:61,1,1,0
BRF:4
BRH:1
end_of_record
TN:
SF:src\type\index.ts
FN:21,(anonymous_0)
FNF:1
FNH:1
FNDA:1,(anonymous_0)
DA:20,1
DA:21,1
DA:23,1
DA:25,1
DA:27,1
LF:5
LH:5
BRDA:21,0,0,1
BRDA:21,0,1,1
BRF:2
BRH:2
end_of_record
TN:
SF:src\view\tableIndex.vue
FN:36,(anonymous_0)
FN:50,(anonymous_1)
FNF:2
FNH:1
FNDA:1,(anonymous_0)
FNDA:0,(anonymous_1)
DA:30,1
DA:31,1
DA:33,1
DA:38,1
DA:39,1
DA:46,1
DA:47,1
DA:48,1
DA:50,1
DA:51,0
DA:54,1
LF:11
LH:10
BRF:0
BRH:0
end_of_record
